2026-06-14 20:10:41,152 [INFO] Генератор паролей создан
2026-06-14 20:10:41,152 [INFO] Генератор паролей инициализирован
2026-06-14 20:10:41,152 [INFO] Файл passwords.json не найден, создаём новый
2026-06-14 20:10:41,152 [INFO] Хранилище паролей создано: passwords.json
2026-06-14 20:10:41,153 [INFO] Хранилище паролей инициализировано
2026-06-14 20:10:41,154 [INFO] Сохранено 1 записей в passwords.json
2026-06-14 20:10:41,154 [INFO] Добавлена запись: Gmail
2026-06-14 20:10:41,154 [INFO] Сохранено 2 записей в passwords.json
2026-06-14 20:10:41,154 [INFO] Добавлена запись: Telegram
2026-06-14 20:10:41,158 [INFO] Добавлены тестовые записи
2026-06-14 20:10:41,158 [CRITICAL] Критическая ошибка: EOF when reading a line
2026-06-14 20:15:52,578 [INFO] Генератор паролей создан
2026-06-14 20:15:52,578 [INFO] Генератор паролей инициализирован
2026-06-14 20:15:52,579 [INFO] Загружено 2 записей из passwords.json
2026-06-14 20:15:52,579 [INFO] Хранилище паролей создано: passwords.json
2026-06-14 20:15:52,579 [INFO] Хранилище паролей инициализировано
2026-06-14 20:17:47,772 [INFO] Сохранено 3 записей в passwords.json
2026-06-14 20:17:47,773 [INFO] Добавлена запись: тест
2026-06-14 20:17:47,773 [INFO] Добавлена новая запись: тест
2026-06-14 20:23:07,589 [WARNING] Запись «ТЕСТ» уже существует
2026-06-14 20:41:46,084 [WARNING] Запись «тест» уже существует
2026-06-14 21:03:19,994 [WARNING] Запись «ТЕСТ» уже существует
2026-06-14 21:03:29,583 [INFO] Запрошены все записи (всего: 3)
2026-06-14 21:03:54,727 [INFO] Запрошены все записи (всего: 3)
2026-06-14 21:06:03,546 [INFO] Запрошены все записи (всего: 3)
2026-06-14 21:07:40,595 [INFO] Генератор паролей создан
2026-06-14 21:07:40,596 [INFO] Загружено 3 записей из C:\Users\User\Documents\BIZNES\GeneratorParoley\passwords.json
2026-06-14 21:07:40,596 [INFO] Хранилище создано: C:\Users\User\Documents\BIZNES\GeneratorParoley\passwords.json
2026-06-14 21:08:27,713 [INFO] Загружено 3 записей из C:\Users\User\Documents\BIZNES\GeneratorParoley\passwords.json
2026-06-14 21:11:47,441 [INFO] Генератор паролей создан
2026-06-14 21:11:47,442 [INFO] Загружено 3 записей из C:\Users\User\Documents\BIZNES\GeneratorParoley\passwords.json
2026-06-14 21:11:47,442 [INFO] Хранилище создано: C:\Users\User\Documents\BIZNES\GeneratorParoley\passwords.json
2026-06-14 21:13:24,818 [INFO] Генератор паролей создан
2026-06-14 21:13:24,818 [INFO] Загружено 3 записей из C:\Users\User\Documents\BIZNES\GeneratorParoley\passwords.json
2026-06-14 21:13:24,818 [INFO] Хранилище создано: C:\Users\User\Documents\BIZNES\GeneratorParoley\passwords.json
2026-06-14 21:19:22,061 [INFO] Генератор паролей создан
2026-06-14 21:19:22,061 [INFO] Загружено 3 записей из C:\Users\User\Documents\BIZNES\GeneratorParoley\passwords.json
2026-06-14 21:19:22,062 [INFO] Хранилище создано: C:\Users\User\Documents\BIZNES\GeneratorParoley\passwords.json
2026-06-14 21:30:51,692 [INFO] Генератор паролей создан
2026-06-14 21:30:51,693 [INFO] Загружено 3 записей из passwords.json
2026-06-14 21:30:51,693 [INFO] Хранилище паролей создано: passwords.json
